<?xml version="1.0" encoding="UTF-8"?>
<testsuite name="Account Search" tests="1" skipped="0" failures="1" errors="0" timestamp="2021-07-14T15:07:28" hostname="GVL4552" time="11.378">
  <properties/>
  <testcase name="Search for an account with account holder's name" classname="Account Search" time="11.378">
    <failure message="com.intuit.karate.exception.KarateException: GtApiStepExecution.feature:5 - javascript evaluation failed: step(__arg.featureAndScenarioId, __arg.parameters), com.intuit.karate.exception.KarateException: &#10;PolicyUserRoleSetup.feature:16 - javascript evaluation failed: setupUserRole(__arg.parameters.userRole), com.intuit.karate.exception.KarateException: &#10;CreatePolicyAdminData.feature:7 - javascript evaluation failed: policyAdminData.loadAdminData('policysolutions'), ProducerCodes.feature:17 - status code was: 404, expected: 201, response time: 146, url: https://pc-sandbox-gwcpdev.canal.beta3-andromeda.guidewire.net/PolicyCenter.do/rest/testsupport/v1/producer-codes, response: &lt;!doctype html&gt;&lt;html lang=&quot;en&quot;&gt;&lt;head&gt;&lt;title&gt;HTTP Status 404 – Not Found&lt;/title&gt;&lt;style type=&quot;text/css&quot;&gt;body {font-family:Tahoma,Arial,sans-serif;} h1, h2, h3, b {color:white;background-color:#525D76;} h1 {font-size:22px;} h2 {font-size:16px;} h3 {font-size:14px;} p {font-size:12px;} a {color:black;} .line {height:1px;background-color:#525D76;border:none;}&lt;/style&gt;&lt;/head&gt;&lt;body&gt;&lt;h1&gt;HTTP Status 404 – Not Found&lt;/h1&gt;&lt;/body&gt;&lt;/html&gt; in &lt;eval&gt; at line number 76 at column number 6 in &lt;eval&gt; at line number 76 at column number 6" type="com.intuit.karate.exception.KarateException">com.intuit.karate.exception.KarateException: GtApiStepExecution.feature:5 - javascript evaluation failed: step(__arg.featureAndScenarioId, __arg.parameters), com.intuit.karate.exception.KarateException: 
PolicyUserRoleSetup.feature:16 - javascript evaluation failed: setupUserRole(__arg.parameters.userRole), com.intuit.karate.exception.KarateException: 
CreatePolicyAdminData.feature:7 - javascript evaluation failed: policyAdminData.loadAdminData('policysolutions'), ProducerCodes.feature:17 - status code was: 404, expected: 201, response time: 146, url: https://pc-sandbox-gwcpdev.canal.beta3-andromeda.guidewire.net/PolicyCenter.do/rest/testsupport/v1/producer-codes, response: &lt;!doctype html&gt;&lt;html lang=&quot;en&quot;&gt;&lt;head&gt;&lt;title&gt;HTTP Status 404 – Not Found&lt;/title&gt;&lt;style type=&quot;text/css&quot;&gt;body {font-family:Tahoma,Arial,sans-serif;} h1, h2, h3, b {color:white;background-color:#525D76;} h1 {font-size:22px;} h2 {font-size:16px;} h3 {font-size:14px;} p {font-size:12px;} a {color:black;} .line {height:1px;background-color:#525D76;border:none;}&lt;/style&gt;&lt;/head&gt;&lt;body&gt;&lt;h1&gt;HTTP Status 404 – Not Found&lt;/h1&gt;&lt;/body&gt;&lt;/html&gt; in &lt;eval&gt; at line number 76 at column number 6 in &lt;eval&gt; at line number 76 at column number 6
	at ✽.* step(__arg.featureAndScenarioId, __arg.parameters) (GtApiStepExecution.feature:5)
	at ✽.I am a user with the &quot;Producer&quot; role(file:///C:/Users/asepuri/IdeaProjects/gt-api/policysolutions/src/main/java/gw/surepath/e2e/behavior/common/COM-AccountSearch.feature:8)
</failure>
  </testcase>
  <system-out><![CDATA[11:07:29,140 |-INFO in ch.qos.logback.classic.LoggerContext[default] - Found resource [logback-test.xml] at [file:/C:/Users/asepuri/IdeaProjects/gt-api/policysolutions/build/resources/test/logback-test.xml]
11:07:29,142 |-WARN in ch.qos.logback.classic.LoggerContext[default] - Resource [logback-test.xml] occurs multiple times on the classpath.
11:07:29,142 |-WARN in ch.qos.logback.classic.LoggerContext[default] - Resource [logback-test.xml] occurs at [file:/C:/Users/asepuri/IdeaProjects/gt-api/policysolutions/build/resources/main/logback-test.xml]
11:07:29,142 |-WARN in ch.qos.logback.classic.LoggerContext[default] - Resource [logback-test.xml] occurs at [file:/C:/Users/asepuri/IdeaProjects/gt-api/policysolutions/build/resources/test/logback-test.xml]
11:07:29,229 |-INFO in ch.qos.logback.classic.joran.action.ConfigurationAction - debug attribute not set
11:07:29,230 |-INFO in ch.qos.logback.core.joran.action.AppenderAction - About to instantiate appender of type [ch.qos.logback.core.ConsoleAppender]
11:07:29,253 |-INFO in ch.qos.logback.core.joran.action.AppenderAction - Naming appender as [STDOUT]
11:07:29,261 |-INFO in ch.qos.logback.core.joran.action.NestedComplexPropertyIA - Assuming default type [ch.qos.logback.classic.encoder.PatternLayoutEncoder] for [encoder] property
11:07:29,304 |-INFO in ch.qos.logback.classic.joran.action.LoggerAction - Setting level of logger [com.intuit.karate] to DEBUG
11:07:29,304 |-INFO in ch.qos.logback.classic.joran.action.RootLoggerAction - Setting level of ROOT logger to INFO
11:07:29,305 |-INFO in ch.qos.logback.core.joran.action.AppenderRefAction - Attaching appender named [STDOUT] to Logger[ROOT]
11:07:29,305 |-INFO in ch.qos.logback.classic.joran.action.ConfigurationAction - End of configuration.
11:07:29,306 |-INFO in ch.qos.logback.classic.joran.JoranConfigurator@2edfb2cb - Registering current configuration as safe fallback point

in executeGtApiFeature: featureFilepath:classpath:gw/apicomponents/producercodes/ProducerCodes.feature args{code=producerCode1955809202, organization=pc:1, roles=producer}
?[31mF?[0m?[36m-?[0m?[36m-?[0m?[36m-?[0m?[36m-?[0m]]></system-out>
  <system-err><![CDATA[Warning: Nashorn engine is planned to be removed from a future JDK release
[Fatal Error] :1:840: The element type "link" must be terminated by the matching end-tag "</link>".
[Fatal Error] :1:840: The element type "link" must be terminated by the matching end-tag "</link>".
[Fatal Error] :1:3: The markup in the document preceding the root element must be well-formed.
[Fatal Error] :1:3: The markup in the document preceding the root element must be well-formed.
]]></system-err>
</testsuite>
